# JRE version: Java(TM) SE Runtime Environment (8.0_151-b12) (build 1.8.0_151-b12)
# Java VM: Java HotSpot(TM) 64-Bit Server VM (25.151-b12 mixed mode linux-amd64 compressed oops)
Heap:
 PSYoungGen      total 37888K, used 6563K [0x00000000d6700000, 0x00000000dac80000, 0x0000000100000000)
  eden space 32768K, 4% used [0x00000000d6700000,0x00000000d686ce60,0x00000000d8700000)
  from space 5120K, 99% used [0x00000000d8700000,0x00000000d8bfc058,0x00000000d8c00000)
  to   space 5120K, 0% used [0x00000000da780000,0x00000000da780000,0x00000000dac80000)
 ParOldGen       total 86016K, used 1177K [0x0000000083400000, 0x0000000088800000, 0x00000000d6700000)
  object space 86016K, 1% used [0x0000000083400000,0x0000000083526550,0x0000000088800000)
 Metaspace       used 16629K, capacity 17242K, committed 17408K, reserved 1064960K
  class space    used 2314K, capacity 2476K, committed 2560K, reserved 1048576K
GC Heap History (6 events):
Event: 2,534 GC heap before
{Heap before GC invocations=1 (full 0):
 PSYoungGen      total 37888K, used 32768K [0x00000000d6700000, 0x00000000d9100000, 0x0000000100000000)
  eden space 32768K, 100% used [0x00000000d6700000,0x00000000d8700000,0x00000000d8700000)
  from space 5120K, 0% used [0x00000000d8c00000,0x00000000d8c00000,0x00000000d9100000)
  to   space 5120K, 0% used [0x00000000d8700000,0x00000000d8700000,0x00000000d8c00000)
 ParOldGen       total 86016K, used 0K [0x0000000083400000, 0x0000000088800000, 0x00000000d6700000)
  object space 86016K, 0% used [0x0000000083400000,0x0000000083400000,0x0000000088800000)
 Metaspace       used 13690K, capacity 14258K, committed 14464K, reserved 1060864K
  class space    used 1931K, capacity 2058K, committed 2176K, reserved 1048576K
Event: 2,573 GC heap after
Heap after GC invocations=1 (full 0):
 PSYoungGen      total 37888K, used 4576K [0x00000000d6700000, 0x00000000db100000, 0x0000000100000000)
  eden space 32768K, 0% used [0x00000000d6700000,0x00000000d6700000,0x00000000d8700000)
  from space 5120K, 89% used [0x00000000d8700000,0x00000000d8b78040,0x00000000d8c00000)
  to   space 5120K, 0% used [0x00000000dac00000,0x00000000dac00000,0x00000000db100000)
 ParOldGen       total 86016K, used 72K [0x0000000083400000, 0x0000000088800000, 0x00000000d6700000)
  object space 86016K, 0% used [0x0000000083400000,0x0000000083412010,0x0000000088800000)
 Metaspace       used 13690K, capacity 14258K, committed 14464K, reserved 1060864K
  class space    used 1931K, capacity 2058K, committed 2176K, reserved 1048576K
}
Event: 16,852 GC heap before
{Heap before GC invocations=2 (full 0):
 PSYoungGen      total 37888K, used 37344K [0x00000000d6700000, 0x00000000db100000, 0x0000000100000000)
  eden space 32768K, 100% used [0x00000000d6700000,0x00000000d8700000,0x00000000d8700000)
  from space 5120K, 89% used [0x00000000d8700000,0x00000000d8b78040,0x00000000d8c00000)
  to   space 5120K, 0% used [0x00000000dac00000,0x00000000dac00000,0x00000000db100000)
 ParOldGen       total 86016K, used 72K [0x0000000083400000, 0x0000000088800000, 0x00000000d6700000)
  object space 86016K, 0% used [0x0000000083400000,0x0000000083412010,0x0000000088800000)
 Metaspace       used 16517K, capacity 17172K, committed 17408K, reserved 1064960K
  class space    used 2314K, capacity 2475K, committed 2560K, reserved 1048576K
Event: 16,873 GC heap after
Heap after GC invocations=2 (full 0):
 PSYoungGen      total 37888K, used 5088K [0x00000000d6700000, 0x00000000db100000, 0x0000000100000000)
  eden space 32768K, 0% used [0x00000000d6700000,0x00000000d6700000,0x00000000d8700000)
  from space 5120K, 99% used [0x00000000dac00000,0x00000000db0f8048,0x00000000db100000)
  to   space 5120K, 0% used [0x00000000d8700000,0x00000000d8700000,0x00000000d8c00000)
 ParOldGen       total 86016K, used 1113K [0x0000000083400000, 0x0000000088800000, 0x00000000d6700000)
  object space 86016K, 1% used [0x0000000083400000,0x0000000083516550,0x0000000088800000)
 Metaspace       used 16517K, capacity 17172K, committed 17408K, reserved 1064960K
  class space    used 2314K, capacity 2475K, committed 2560K, reserved 1048576K
}
Event: 31,055 GC heap before
{Heap before GC invocations=3 (full 0):
 PSYoungGen      total 37888K, used 37856K [0x00000000d6700000, 0x00000000db100000, 0x0000000100000000)
  eden space 32768K, 100% used [0x00000000d6700000,0x00000000d8700000,0x00000000d8700000)
  from space 5120K, 99% used [0x00000000dac00000,0x00000000db0f8048,0x00000000db100000)
  to   space 5120K, 0% used [0x00000000d8700000,0x00000000d8700000,0x00000000d8c00000)
 ParOldGen       total 86016K, used 1113K [0x0000000083400000, 0x0000000088800000, 0x00000000d6700000)
  object space 86016K, 1% used [0x0000000083400000,0x0000000083516550,0x0000000088800000)
 Metaspace       used 16627K, capacity 17242K, committed 17408K, reserved 1064960K
  class space    used 2314K, capacity 2476K, committed 2560K, reserved 1048576K
Event: 31,073 GC heap after
Heap after GC invocations=3 (full 0):
 PSYoungGen      total 37888K, used 5104K [0x00000000d6700000, 0x00000000dac80000, 0x0000000100000000)
  eden space 32768K, 0% used [0x00000000d6700000,0x00000000d6700000,0x00000000d8700000)
  from space 5120K, 99% used [0x00000000d8700000,0x00000000d8bfc058,0x00000000d8c00000)
  to   space 5120K, 0% used [0x00000000da780000,0x00000000da780000,0x00000000dac80000)
 ParOldGen       total 86016K, used 1177K [0x0000000083400000, 0x0000000088800000, 0x00000000d6700000)
  object space 86016K, 1% used [0x0000000083400000,0x0000000083526550,0x0000000088800000)
 Metaspace       used 16627K, capacity 17242K, committed 17408K, reserved 1064960K
  class space    used 2314K, capacity 2476K, committed 2560K, reserved 1048576K
}

